  AnimationWindowSource.cpp
C:\Users\MatthewAlgo\Documents\Projects\AlienInvaders\AlienInvaders\include\alieninvadersretro\RandomParticlesGenerator.h(44,57): warning C4305: 'argument': truncation from 'double' to 'float'
C:\Users\MatthewAlgo\Documents\Projects\AlienInvaders\AlienInvaders\include\alieninvadersretro\RandomParticlesGenerator.h(44,51): warning C4305: 'argument': truncation from 'double' to 'float'
C:\Users\MatthewAlgo\Documents\Projects\AlienInvaders\AlienInvaders\include\alieninvadersretro\RandomParticlesGenerator.h(45,91): warning C4244: 'argument': conversion from 'double' to 'T', possible loss of data
          with
          [
              T=float
          ]
C:\Users\MatthewAlgo\Documents\Projects\AlienInvaders\AlienInvaders\include\alieninvadersretro\RandomParticlesGenerator.h(51,23): warning C4018: '<': signed/unsigned mismatch
C:\Users\MatthewAlgo\Documents\Projects\AlienInvaders\AlienInvaders\include\alieninvadersretro\RandomParticlesGenerator.h(55,77): warning C4244: 'argument': conversion from 'double' to 'T', possible loss of data
          with
          [
              T=float
          ]
C:\Users\MatthewAlgo\Documents\Projects\AlienInvaders\AlienInvaders\include\alieninvadersretro\RandomParticlesGenerator.h(55,49): warning C4244: 'argument': conversion from 'double' to 'T', possible loss of data
          with
          [
              T=float
          ]
C:\Users\MatthewAlgo\Documents\Projects\AlienInvaders\AlienInvaders\include\alieninvadersretro\RandomParticlesGenerator.h(59,23): warning C4018: '<': signed/unsigned mismatch
C:\Users\MatthewAlgo\Documents\Projects\AlienInvaders\AlienInvaders\include\alieninvadersretro\VirtualBullet.h(38,44): warning C4244: 'argument': conversion from 'double' to 'float', possible loss of data
C:\Users\MatthewAlgo\Documents\Projects\AlienInvaders\AlienInvaders\include\alieninvadersretro\VirtualBullet.h(38,37): warning C4244: 'argument': conversion from 'double' to 'float', possible loss of data
C:\Users\MatthewAlgo\Documents\Projects\AlienInvaders\AlienInvaders\include\alieninvadersretro\VirtualBullet.h(43,44): warning C4244: 'argument': conversion from 'double' to 'float', possible loss of data
C:\Users\MatthewAlgo\Documents\Projects\AlienInvaders\AlienInvaders\include\alieninvadersretro\VirtualBullet.h(43,37): warning C4244: 'argument': conversion from 'double' to 'float', possible loss of data
C:\Users\MatthewAlgo\Documents\Projects\AlienInvaders\AlienInvaders\include\alieninvadersretro\SpaceShip.h(52,37): error C2065: 'EnemySpaceShip': undeclared identifier
C:\Users\MatthewAlgo\Documents\Projects\AlienInvaders\AlienInvaders\include\alieninvadersretro\SpaceShip.h(52,26): error C2923: 'std::unique_ptr': 'EnemySpaceShip' is not a valid template type argument for parameter '_Ty'
C:\Users\MatthewAlgo\Documents\Projects\AlienInvaders\AlienInvaders\include\alieninvadersretro\SpaceShip.h(52,37): message : see declaration of 'EnemySpaceShip'
C:\Users\MatthewAlgo\Documents\Projects\AlienInvaders\AlienInvaders\include\alieninvadersretro\SpaceShip.h(52,26): error C2976: 'std::unique_ptr': too few template arguments
C:\Program Files\Microsoft Visual Studio\2022\Community\VC\Tools\MSVC\14.37.32822\include\memory(3213,1): message : see declaration of 'std::unique_ptr'
C:\Users\MatthewAlgo\Documents\Projects\AlienInvaders\AlienInvaders\include\alieninvadersretro\SpaceShip.h(52,26): error C3203: 'unique_ptr': unspecialized class template can't be used as a template argument for template parameter '_Ty', expected a real type
C:\Users\MatthewAlgo\Documents\Projects\AlienInvaders\AlienInvaders\main_sources\source\AnimationWindowSource.cpp(111,29): warning C4018: '<': signed/unsigned mismatch
C:\Users\MatthewAlgo\Documents\Projects\AlienInvaders\AlienInvaders\main_sources\source\AnimationWindowSource.cpp(132,31): warning C4018: '<': signed/unsigned mismatch
C:\Users\MatthewAlgo\Documents\Projects\AlienInvaders\AlienInvaders\main_sources\source\AnimationWindowSource.cpp(163,76): error C2065: 'Player1Score': undeclared identifier
C:\Users\MatthewAlgo\Documents\Projects\AlienInvaders\AlienInvaders\main_sources\source\AnimationWindowSource.cpp(172,56): error C2065: 'Player1Score': undeclared identifier
C:\Users\MatthewAlgo\Documents\Projects\AlienInvaders\AlienInvaders\main_sources\source\AnimationWindowSource.cpp(188,33): warning C4018: '<': signed/unsigned mismatch
C:\Users\MatthewAlgo\Documents\Projects\AlienInvaders\AlienInvaders\main_sources\source\AnimationWindowSource.cpp(275,11): error C2065: 'SpaceShipMainPlayer': undeclared identifier
C:\Users\MatthewAlgo\Documents\Projects\AlienInvaders\AlienInvaders\main_sources\source\AnimationWindowSource.cpp(282,63): error C2065: 'Player1Score': undeclared identifier
C:\Users\MatthewAlgo\Documents\Projects\AlienInvaders\AlienInvaders\main_sources\source\AnimationWindowSource.cpp(283,66): error C2065: 'SpaceShipMainPlayer': undeclared identifier
C:\Users\MatthewAlgo\Documents\Projects\AlienInvaders\AlienInvaders\main_sources\source\AnimationWindowSource.cpp(287,23): error C2065: 'SpaceShipMainPlayer': undeclared identifier
C:\Users\MatthewAlgo\Documents\Projects\AlienInvaders\AlienInvaders\main_sources\source\AnimationWindowSource.cpp(289,9): error C2065: 'Player1Score': undeclared identifier
C:\Users\MatthewAlgo\Documents\Projects\AlienInvaders\AlienInvaders\main_sources\source\AnimationWindowSource.cpp(289,25): error C2065: 'SpaceShipMainPlayer': undeclared identifier
C:\Users\MatthewAlgo\Documents\Projects\AlienInvaders\AlienInvaders\main_sources\source\AnimationWindowSource.cpp(290,9): error C2065: 'SpaceShipMainPlayer': undeclared identifier
C:\Users\MatthewAlgo\Documents\Projects\AlienInvaders\AlienInvaders\main_sources\source\AnimationWindowSource.cpp(302,25): warning C4018: '<': signed/unsigned mismatch
C:\Users\MatthewAlgo\Documents\Projects\AlienInvaders\AlienInvaders\main_sources\source\AnimationWindowSource.cpp(305,62): error C2065: 'SpaceShipMainPlayer': undeclared identifier
C:\Users\MatthewAlgo\Documents\Projects\AlienInvaders\AlienInvaders\main_sources\source\AnimationWindowSource.cpp(306,54): error C2065: 'SpaceShipMainPlayer': undeclared identifier
C:\Users\MatthewAlgo\Documents\Projects\AlienInvaders\AlienInvaders\main_sources\source\AnimationWindowSource.cpp(307,54): error C2065: 'SpaceShipMainPlayer': undeclared identifier
C:\Users\MatthewAlgo\Documents\Projects\AlienInvaders\AlienInvaders\main_sources\source\AnimationWindowSource.cpp(307,97): error C2065: 'spaceShip': undeclared identifier
C:\Users\MatthewAlgo\Documents\Projects\AlienInvaders\AlienInvaders\main_sources\source\AnimationWindowSource.cpp(307,86): error C2275: 'GameNamespace::SpaceShip': expected an expression instead of a type
C:\Users\MatthewAlgo\Documents\Projects\AlienInvaders\AlienInvaders\main_sources\source\AnimationWindowSource.cpp(305,32): error C2660: 'GameNamespace::EnemySpaceShip::DrawBulletsInWindow': function does not take 1 arguments
C:\Users\MatthewAlgo\Documents\Projects\AlienInvaders\AlienInvaders\include\alieninvadersretro\EnemySpaceShip.h(44,10): message : see declaration of 'GameNamespace::EnemySpaceShip::DrawBulletsInWindow'
C:\Users\MatthewAlgo\Documents\Projects\AlienInvaders\AlienInvaders\main_sources\source\AnimationWindowSource.cpp(305,32): message : while trying to match the argument list '(sf::RenderWindow *)'
C:\Users\MatthewAlgo\Documents\Projects\AlienInvaders\AlienInvaders\main_sources\source\AnimationWindowSource.cpp(312,13): error C2065: 'SpaceShipMainPlayer': undeclared identifier
C:\Users\MatthewAlgo\Documents\Projects\AlienInvaders\AlienInvaders\main_sources\source\AnimationWindowSource.cpp(312,42): error C2065: 'SpaceShipMainPlayer': undeclared identifier
C:\Users\MatthewAlgo\Documents\Projects\AlienInvaders\AlienInvaders\main_sources\source\AnimationWindowSource.cpp(326,13): error C2065: 'Player1Score': undeclared identifier
C:\Users\MatthewAlgo\Documents\Projects\AlienInvaders\AlienInvaders\main_sources\source\AnimationWindowSource.cpp(326,43): error C2065: 'Player1Score': undeclared identifier
C:\Users\MatthewAlgo\Documents\Projects\AlienInvaders\AlienInvaders\main_sources\source\AnimationWindowSource.cpp(330,17): error C2065: 'Player1Score': undeclared identifier
C:\Users\MatthewAlgo\Documents\Projects\AlienInvaders\AlienInvaders\main_sources\source\AnimationWindowSource.cpp(333,17): error C2065: 'Player1Score': undeclared identifier
C:\Users\MatthewAlgo\Documents\Projects\AlienInvaders\AlienInvaders\main_sources\source\AnimationWindowSource.cpp(336,18): error C2065: 'Player1Score': undeclared identifier
C:\Users\MatthewAlgo\Documents\Projects\AlienInvaders\AlienInvaders\main_sources\source\AnimationWindowSource.cpp(336,46): error C2065: 'Player1Score': undeclared identifier
C:\Users\MatthewAlgo\Documents\Projects\AlienInvaders\AlienInvaders\main_sources\source\AnimationWindowSource.cpp(342,22): error C2065: 'Player1Score': undeclared identifier
C:\Users\MatthewAlgo\Documents\Projects\AlienInvaders\AlienInvaders\main_sources\source\AnimationWindowSource.cpp(356,63): error C2065: 'Player1Score': undeclared identifier
C:\Users\MatthewAlgo\Documents\Projects\AlienInvaders\AlienInvaders\main_sources\source\AnimationWindowSource.cpp(357,66): error C2065: 'SpaceShipMainPlayer': undeclared identifier
C:\Users\MatthewAlgo\Documents\Projects\AlienInvaders\AlienInvaders\main_sources\source\AnimationWindowSource.cpp(387,61): error C2065: 'Player1Score': undeclared identifier
C:\Users\MatthewAlgo\Documents\Projects\AlienInvaders\AlienInvaders\main_sources\source\AnimationWindowSource.cpp(388,64): error C2065: 'SpaceShipMainPlayer': undeclared identifier
C:\Users\MatthewAlgo\Documents\Projects\AlienInvaders\AlienInvaders\main_sources\source\AnimationWindowSource.cpp(397,59): warning C4244: 'argument': conversion from 'int' to 'float', possible loss of data
C:\Users\MatthewAlgo\Documents\Projects\AlienInvaders\AlienInvaders\main_sources\source\AnimationWindowSource.cpp(397,39): warning C4244: 'argument': conversion from 'double' to 'float', possible loss of data
C:\Users\MatthewAlgo\Documents\Projects\AlienInvaders\AlienInvaders\main_sources\source\AnimationWindowSource.cpp(403,35): warning C4244: 'argument': conversion from 'int' to 'float', possible loss of data
C:\Users\MatthewAlgo\Documents\Projects\AlienInvaders\AlienInvaders\main_sources\source\AnimationWindowSource.cpp(403,18): warning C4244: 'argument': conversion from 'int' to 'float', possible loss of data
C:\Users\MatthewAlgo\Documents\Projects\AlienInvaders\AlienInvaders\main_sources\source\AnimationWindowSource.cpp(413,38): warning C4305: 'argument': truncation from 'double' to 'float'
C:\Users\MatthewAlgo\Documents\Projects\AlienInvaders\AlienInvaders\main_sources\source\AnimationWindowSource.cpp(413,33): warning C4305: 'argument': truncation from 'double' to 'float'
C:\Users\MatthewAlgo\Documents\Projects\AlienInvaders\AlienInvaders\main_sources\source\AnimationWindowSource.cpp(416,5): error C2065: 'SpaceShipMainPlayer': undeclared identifier
C:\Users\MatthewAlgo\Documents\Projects\AlienInvaders\AlienInvaders\main_sources\source\AnimationWindowSource.cpp(417,5): error C2065: 'SpaceShipMainPlayer': undeclared identifier
C:\Users\MatthewAlgo\Documents\Projects\AlienInvaders\AlienInvaders\main_sources\source\AnimationWindowSource.cpp(418,5): error C2065: 'SpaceShipMainPlayer': undeclared identifier
C:\Users\MatthewAlgo\Documents\Projects\AlienInvaders\AlienInvaders\main_sources\source\AnimationWindowSource.cpp(418,51): error C2065: 'SpaceShipMainPlayer': undeclared identifier
C:\Users\MatthewAlgo\Documents\Projects\AlienInvaders\AlienInvaders\main_sources\source\AnimationWindowSource.cpp(419,5): error C2065: 'SpaceShipMainPlayer': undeclared identifier
C:\Users\MatthewAlgo\Documents\Projects\AlienInvaders\AlienInvaders\main_sources\source\AnimationWindowSource.cpp(427,49): warning C4244: 'argument': conversion from 'double' to 'float', possible loss of data
C:\Users\MatthewAlgo\Documents\Projects\AlienInvaders\AlienInvaders\main_sources\source\AnimationWindowSource.cpp(427,34): warning C4244: 'argument': conversion from 'int' to 'float', possible loss of data
C:\Users\MatthewAlgo\Documents\Projects\AlienInvaders\AlienInvaders\main_sources\source\AnimationWindowSource.cpp(433,49): warning C4244: 'argument': conversion from 'int' to 'float', possible loss of data
C:\Users\MatthewAlgo\Documents\Projects\AlienInvaders\AlienInvaders\main_sources\source\AnimationWindowSource.cpp(433,34): warning C4244: 'argument': conversion from 'int' to 'float', possible loss of data
C:\Users\MatthewAlgo\Documents\Projects\AlienInvaders\AlienInvaders\main_sources\source\AnimationWindowSource.cpp(439,54): warning C4244: 'argument': conversion from 'int' to 'float', possible loss of data
C:\Users\MatthewAlgo\Documents\Projects\AlienInvaders\AlienInvaders\main_sources\source\AnimationWindowSource.cpp(439,37): warning C4244: 'argument': conversion from 'int' to 'float', possible loss of data
C:\Users\MatthewAlgo\Documents\Projects\AlienInvaders\AlienInvaders\main_sources\source\AnimationWindowSource.cpp(445,55): warning C4244: 'argument': conversion from 'int' to 'float', possible loss of data
C:\Users\MatthewAlgo\Documents\Projects\AlienInvaders\AlienInvaders\main_sources\source\AnimationWindowSource.cpp(445,41): warning C4244: 'argument': conversion from 'int' to 'float', possible loss of data
C:\Users\MatthewAlgo\Documents\Projects\AlienInvaders\AlienInvaders\main_sources\source\AnimationWindowSource.cpp(451,54): warning C4244: 'argument': conversion from 'int' to 'float', possible loss of data
C:\Users\MatthewAlgo\Documents\Projects\AlienInvaders\AlienInvaders\main_sources\source\AnimationWindowSource.cpp(451,40): warning C4244: 'argument': conversion from 'int' to 'float', possible loss of data
  Controls.cpp
C:\Users\MatthewAlgo\Documents\Projects\AlienInvaders\AlienInvaders\include\alieninvadersretro\VirtualBullet.h(38,44): warning C4244: 'argument': conversion from 'double' to 'float', possible loss of data
C:\Users\MatthewAlgo\Documents\Projects\AlienInvaders\AlienInvaders\include\alieninvadersretro\VirtualBullet.h(38,37): warning C4244: 'argument': conversion from 'double' to 'float', possible loss of data
C:\Users\MatthewAlgo\Documents\Projects\AlienInvaders\AlienInvaders\include\alieninvadersretro\VirtualBullet.h(43,44): warning C4244: 'argument': conversion from 'double' to 'float', possible loss of data
C:\Users\MatthewAlgo\Documents\Projects\AlienInvaders\AlienInvaders\include\alieninvadersretro\VirtualBullet.h(43,37): warning C4244: 'argument': conversion from 'double' to 'float', possible loss of data
C:\Users\MatthewAlgo\Documents\Projects\AlienInvaders\AlienInvaders\include\alieninvadersretro\RandomParticlesGenerator.h(44,57): warning C4305: 'argument': truncation from 'double' to 'float'
C:\Users\MatthewAlgo\Documents\Projects\AlienInvaders\AlienInvaders\include\alieninvadersretro\RandomParticlesGenerator.h(44,51): warning C4305: 'argument': truncation from 'double' to 'float'
C:\Users\MatthewAlgo\Documents\Projects\AlienInvaders\AlienInvaders\include\alieninvadersretro\RandomParticlesGenerator.h(45,91): warning C4244: 'argument': conversion from 'double' to 'T', possible loss of data
          with
          [
              T=float
          ]
C:\Users\MatthewAlgo\Documents\Projects\AlienInvaders\AlienInvaders\include\alieninvadersretro\RandomParticlesGenerator.h(51,23): warning C4018: '<': signed/unsigned mismatch
C:\Users\MatthewAlgo\Documents\Projects\AlienInvaders\AlienInvaders\include\alieninvadersretro\RandomParticlesGenerator.h(55,77): warning C4244: 'argument': conversion from 'double' to 'T', possible loss of data
          with
          [
              T=float
          ]
C:\Users\MatthewAlgo\Documents\Projects\AlienInvaders\AlienInvaders\include\alieninvadersretro\RandomParticlesGenerator.h(55,49): warning C4244: 'argument': conversion from 'double' to 'T', possible loss of data
          with
          [
              T=float
          ]
C:\Users\MatthewAlgo\Documents\Projects\AlienInvaders\AlienInvaders\include\alieninvadersretro\RandomParticlesGenerator.h(59,23): warning C4018: '<': signed/unsigned mismatch
C:\Users\MatthewAlgo\Documents\Projects\AlienInvaders\AlienInvaders\include\alieninvadersretro\EnemySpaceShip.h(44,68): error C2065: 'SpaceShip': undeclared identifier
C:\Users\MatthewAlgo\Documents\Projects\AlienInvaders\AlienInvaders\include\alieninvadersretro\EnemySpaceShip.h(44,78): error C2059: syntax error: '>'
C:\Users\MatthewAlgo\Documents\Projects\AlienInvaders\AlienInvaders\main_sources\source\Controls.cpp(8,11): error C2511: 'Controls::Controls(short,GameNamespace::SpaceShip *)': overloaded member function not found in 'Controls'
C:\Users\MatthewAlgo\Documents\Projects\AlienInvaders\AlienInvaders\include\alieninvadersretro\Controls.h(18,7): message : see declaration of 'Controls'
C:\Users\MatthewAlgo\Documents\Projects\AlienInvaders\AlienInvaders\main_sources\source\Controls.cpp(8,100): error C2550: 'Controls::{ctor}': constructor initializer lists are only allowed on constructor definitions
C:\Users\MatthewAlgo\Documents\Projects\AlienInvaders\AlienInvaders\main_sources\source\Controls.cpp(29,18): error C2660: 'GameNamespace::SpaceShip::Shoot': function does not take 0 arguments
C:\Users\MatthewAlgo\Documents\Projects\AlienInvaders\AlienInvaders\include\alieninvadersretro\SpaceShip.h(49,10): message : see declaration of 'GameNamespace::SpaceShip::Shoot'
C:\Users\MatthewAlgo\Documents\Projects\AlienInvaders\AlienInvaders\main_sources\source\Controls.cpp(29,18): message : while trying to match the argument list '()'
  EnemySpaceShipSource.cpp
C:\Users\MatthewAlgo\Documents\Projects\AlienInvaders\AlienInvaders\include\alieninvadersretro\VirtualBullet.h(38,44): warning C4244: 'argument': conversion from 'double' to 'float', possible loss of data
C:\Users\MatthewAlgo\Documents\Projects\AlienInvaders\AlienInvaders\include\alieninvadersretro\VirtualBullet.h(38,37): warning C4244: 'argument': conversion from 'double' to 'float', possible loss of data
C:\Users\MatthewAlgo\Documents\Projects\AlienInvaders\AlienInvaders\include\alieninvadersretro\VirtualBullet.h(43,44): warning C4244: 'argument': conversion from 'double' to 'float', possible loss of data
C:\Users\MatthewAlgo\Documents\Projects\AlienInvaders\AlienInvaders\include\alieninvadersretro\VirtualBullet.h(43,37): warning C4244: 'argument': conversion from 'double' to 'float', possible loss of data
C:\Users\MatthewAlgo\Documents\Projects\AlienInvaders\AlienInvaders\include\alieninvadersretro\RandomParticlesGenerator.h(44,57): warning C4305: 'argument': truncation from 'double' to 'float'
C:\Users\MatthewAlgo\Documents\Projects\AlienInvaders\AlienInvaders\include\alieninvadersretro\RandomParticlesGenerator.h(44,51): warning C4305: 'argument': truncation from 'double' to 'float'
C:\Users\MatthewAlgo\Documents\Projects\AlienInvaders\AlienInvaders\include\alieninvadersretro\RandomParticlesGenerator.h(45,91): warning C4244: 'argument': conversion from 'double' to 'T', possible loss of data
          with
          [
              T=float
          ]
C:\Users\MatthewAlgo\Documents\Projects\AlienInvaders\AlienInvaders\include\alieninvadersretro\RandomParticlesGenerator.h(51,23): warning C4018: '<': signed/unsigned mismatch
C:\Users\MatthewAlgo\Documents\Projects\AlienInvaders\AlienInvaders\include\alieninvadersretro\RandomParticlesGenerator.h(55,77): warning C4244: 'argument': conversion from 'double' to 'T', possible loss of data
          with
          [
              T=float
          ]
C:\Users\MatthewAlgo\Documents\Projects\AlienInvaders\AlienInvaders\include\alieninvadersretro\RandomParticlesGenerator.h(55,49): warning C4244: 'argument': conversion from 'double' to 'T', possible loss of data
          with
          [
              T=float
          ]
C:\Users\MatthewAlgo\Documents\Projects\AlienInvaders\AlienInvaders\include\alieninvadersretro\RandomParticlesGenerator.h(59,23): warning C4018: '<': signed/unsigned mismatch
C:\Users\MatthewAlgo\Documents\Projects\AlienInvaders\AlienInvaders\include\alieninvadersretro\SpaceShip.h(52,37): error C2065: 'EnemySpaceShip': undeclared identifier
C:\Users\MatthewAlgo\Documents\Projects\AlienInvaders\AlienInvaders\include\alieninvadersretro\SpaceShip.h(52,26): error C2923: 'std::unique_ptr': 'EnemySpaceShip' is not a valid template type argument for parameter '_Ty'
C:\Users\MatthewAlgo\Documents\Projects\AlienInvaders\AlienInvaders\include\alieninvadersretro\SpaceShip.h(52,37): message : see declaration of 'EnemySpaceShip'
C:\Users\MatthewAlgo\Documents\Projects\AlienInvaders\AlienInvaders\include\alieninvadersretro\SpaceShip.h(52,26): error C2976: 'std::unique_ptr': too few template arguments
C:\Program Files\Microsoft Visual Studio\2022\Community\VC\Tools\MSVC\14.37.32822\include\memory(3213,1): message : see declaration of 'std::unique_ptr'
C:\Users\MatthewAlgo\Documents\Projects\AlienInvaders\AlienInvaders\include\alieninvadersretro\SpaceShip.h(52,26): error C3203: 'unique_ptr': unspecialized class template can't be used as a template argument for template parameter '_Ty', expected a real type
C:\Users\MatthewAlgo\Documents\Projects\AlienInvaders\AlienInvaders\main_sources\source\EnemySpaceShipSource.cpp(23,35): warning C4305: 'argument': truncation from 'double' to 'float'
C:\Users\MatthewAlgo\Documents\Projects\AlienInvaders\AlienInvaders\main_sources\source\EnemySpaceShipSource.cpp(23,30): warning C4305: 'argument': truncation from 'double' to 'float'
C:\Users\MatthewAlgo\Documents\Projects\AlienInvaders\AlienInvaders\main_sources\source\EnemySpaceShipSource.cpp(29,35): warning C4305: 'argument': truncation from 'double' to 'float'
C:\Users\MatthewAlgo\Documents\Projects\AlienInvaders\AlienInvaders\main_sources\source\EnemySpaceShipSource.cpp(29,30): warning C4305: 'argument': truncation from 'double' to 'float'
C:\Users\MatthewAlgo\Documents\Projects\AlienInvaders\AlienInvaders\main_sources\source\EnemySpaceShipSource.cpp(34,35): warning C4305: 'argument': truncation from 'double' to 'float'
C:\Users\MatthewAlgo\Documents\Projects\AlienInvaders\AlienInvaders\main_sources\source\EnemySpaceShipSource.cpp(34,30): warning C4305: 'argument': truncation from 'double' to 'float'
C:\Users\MatthewAlgo\Documents\Projects\AlienInvaders\AlienInvaders\main_sources\source\EnemySpaceShipSource.cpp(63,36): warning C4305: 'argument': truncation from 'double' to 'float'
C:\Users\MatthewAlgo\Documents\Projects\AlienInvaders\AlienInvaders\main_sources\source\EnemySpaceShipSource.cpp(63,31): warning C4305: 'argument': truncation from 'double' to 'float'
C:\Users\MatthewAlgo\Documents\Projects\AlienInvaders\AlienInvaders\main_sources\source\EnemySpaceShipSource.cpp(68,19): warning C4018: '<': signed/unsigned mismatch
C:\Users\MatthewAlgo\Documents\Projects\AlienInvaders\AlienInvaders\main_sources\source\EnemySpaceShipSource.cpp(79,21): warning C4018: '<': signed/unsigned mismatch
C:\Users\MatthewAlgo\Documents\Projects\AlienInvaders\AlienInvaders\main_sources\source\EnemySpaceShipSource.cpp(87,41): warning C4305: 'argument': truncation from 'double' to 'float'
C:\Users\MatthewAlgo\Documents\Projects\AlienInvaders\AlienInvaders\main_sources\source\EnemySpaceShipSource.cpp(87,36): warning C4305: 'argument': truncation from 'double' to 'float'
C:\Users\MatthewAlgo\Documents\Projects\AlienInvaders\AlienInvaders\main_sources\source\EnemySpaceShipSource.cpp(124,36): warning C4305: 'argument': truncation from 'double' to 'float'
C:\Users\MatthewAlgo\Documents\Projects\AlienInvaders\AlienInvaders\main_sources\source\EnemySpaceShipSource.cpp(124,31): warning C4305: 'argument': truncation from 'double' to 'float'
  MainThread.cpp
C:\Users\MatthewAlgo\Documents\Projects\AlienInvaders\AlienInvaders\include\alieninvadersretro\RandomParticlesGenerator.h(44,57): warning C4305: 'argument': truncation from 'double' to 'float'
C:\Users\MatthewAlgo\Documents\Projects\AlienInvaders\AlienInvaders\include\alieninvadersretro\RandomParticlesGenerator.h(44,51): warning C4305: 'argument': truncation from 'double' to 'float'
C:\Users\MatthewAlgo\Documents\Projects\AlienInvaders\AlienInvaders\include\alieninvadersretro\RandomParticlesGenerator.h(45,91): warning C4244: 'argument': conversion from 'double' to 'T', possible loss of data
          with
          [
              T=float
          ]
C:\Users\MatthewAlgo\Documents\Projects\AlienInvaders\AlienInvaders\include\alieninvadersretro\RandomParticlesGenerator.h(51,23): warning C4018: '<': signed/unsigned mismatch
C:\Users\MatthewAlgo\Documents\Projects\AlienInvaders\AlienInvaders\include\alieninvadersretro\RandomParticlesGenerator.h(55,77): warning C4244: 'argument': conversion from 'double' to 'T', possible loss of data
          with
          [
              T=float
          ]
C:\Users\MatthewAlgo\Documents\Projects\AlienInvaders\AlienInvaders\include\alieninvadersretro\RandomParticlesGenerator.h(55,49): warning C4244: 'argument': conversion from 'double' to 'T', possible loss of data
          with
          [
              T=float
          ]
C:\Users\MatthewAlgo\Documents\Projects\AlienInvaders\AlienInvaders\include\alieninvadersretro\RandomParticlesGenerator.h(59,23): warning C4018: '<': signed/unsigned mismatch
C:\Users\MatthewAlgo\Documents\Projects\AlienInvaders\AlienInvaders\include\alieninvadersretro\VirtualBullet.h(38,44): warning C4244: 'argument': conversion from 'double' to 'float', possible loss of data
C:\Users\MatthewAlgo\Documents\Projects\AlienInvaders\AlienInvaders\include\alieninvadersretro\VirtualBullet.h(38,37): warning C4244: 'argument': conversion from 'double' to 'float', possible loss of data
C:\Users\MatthewAlgo\Documents\Projects\AlienInvaders\AlienInvaders\include\alieninvadersretro\VirtualBullet.h(43,44): warning C4244: 'argument': conversion from 'double' to 'float', possible loss of data
C:\Users\MatthewAlgo\Documents\Projects\AlienInvaders\AlienInvaders\include\alieninvadersretro\VirtualBullet.h(43,37): warning C4244: 'argument': conversion from 'double' to 'float', possible loss of data
C:\Users\MatthewAlgo\Documents\Projects\AlienInvaders\AlienInvaders\include\alieninvadersretro\SpaceShip.h(52,37): error C2065: 'EnemySpaceShip': undeclared identifier
C:\Users\MatthewAlgo\Documents\Projects\AlienInvaders\AlienInvaders\include\alieninvadersretro\SpaceShip.h(52,26): error C2923: 'std::unique_ptr': 'EnemySpaceShip' is not a valid template type argument for parameter '_Ty'
C:\Users\MatthewAlgo\Documents\Projects\AlienInvaders\AlienInvaders\include\alieninvadersretro\SpaceShip.h(52,37): message : see declaration of 'EnemySpaceShip'
C:\Users\MatthewAlgo\Documents\Projects\AlienInvaders\AlienInvaders\include\alieninvadersretro\SpaceShip.h(52,26): error C2976: 'std::unique_ptr': too few template arguments
C:\Program Files\Microsoft Visual Studio\2022\Community\VC\Tools\MSVC\14.37.32822\include\memory(3213,1): message : see declaration of 'std::unique_ptr'
C:\Users\MatthewAlgo\Documents\Projects\AlienInvaders\AlienInvaders\include\alieninvadersretro\SpaceShip.h(52,26): error C3203: 'unique_ptr': unspecialized class template can't be used as a template argument for template parameter '_Ty', expected a real type
  MainWindowSource.cpp
C:\Users\MatthewAlgo\Documents\Projects\AlienInvaders\AlienInvaders\include\alieninvadersretro\RandomParticlesGenerator.h(44,57): warning C4305: 'argument': truncation from 'double' to 'float'
C:\Users\MatthewAlgo\Documents\Projects\AlienInvaders\AlienInvaders\include\alieninvadersretro\RandomParticlesGenerator.h(44,51): warning C4305: 'argument': truncation from 'double' to 'float'
C:\Users\MatthewAlgo\Documents\Projects\AlienInvaders\AlienInvaders\include\alieninvadersretro\RandomParticlesGenerator.h(45,91): warning C4244: 'argument': conversion from 'double' to 'T', possible loss of data
          with
          [
              T=float
          ]
C:\Users\MatthewAlgo\Documents\Projects\AlienInvaders\AlienInvaders\include\alieninvadersretro\RandomParticlesGenerator.h(51,23): warning C4018: '<': signed/unsigned mismatch
C:\Users\MatthewAlgo\Documents\Projects\AlienInvaders\AlienInvaders\include\alieninvadersretro\RandomParticlesGenerator.h(55,77): warning C4244: 'argument': conversion from 'double' to 'T', possible loss of data
          with
          [
              T=float
          ]
C:\Users\MatthewAlgo\Documents\Projects\AlienInvaders\AlienInvaders\include\alieninvadersretro\RandomParticlesGenerator.h(55,49): warning C4244: 'argument': conversion from 'double' to 'T', possible loss of data
          with
          [
              T=float
          ]
C:\Users\MatthewAlgo\Documents\Projects\AlienInvaders\AlienInvaders\include\alieninvadersretro\RandomParticlesGenerator.h(59,23): warning C4018: '<': signed/unsigned mismatch
C:\Users\MatthewAlgo\Documents\Projects\AlienInvaders\AlienInvaders\include\alieninvadersretro\VirtualBullet.h(38,44): warning C4244: 'argument': conversion from 'double' to 'float', possible loss of data
C:\Users\MatthewAlgo\Documents\Projects\AlienInvaders\AlienInvaders\include\alieninvadersretro\VirtualBullet.h(38,37): warning C4244: 'argument': conversion from 'double' to 'float', possible loss of data
C:\Users\MatthewAlgo\Documents\Projects\AlienInvaders\AlienInvaders\include\alieninvadersretro\VirtualBullet.h(43,44): warning C4244: 'argument': conversion from 'double' to 'float', possible loss of data
C:\Users\MatthewAlgo\Documents\Projects\AlienInvaders\AlienInvaders\include\alieninvadersretro\VirtualBullet.h(43,37): warning C4244: 'argument': conversion from 'double' to 'float', possible loss of data
C:\Users\MatthewAlgo\Documents\Projects\AlienInvaders\AlienInvaders\include\alieninvadersretro\SpaceShip.h(52,37): error C2065: 'EnemySpaceShip': undeclared identifier
C:\Users\MatthewAlgo\Documents\Projects\AlienInvaders\AlienInvaders\include\alieninvadersretro\SpaceShip.h(52,26): error C2923: 'std::unique_ptr': 'EnemySpaceShip' is not a valid template type argument for parameter '_Ty'
C:\Users\MatthewAlgo\Documents\Projects\AlienInvaders\AlienInvaders\include\alieninvadersretro\SpaceShip.h(52,37): message : see declaration of 'EnemySpaceShip'
C:\Users\MatthewAlgo\Documents\Projects\AlienInvaders\AlienInvaders\include\alieninvadersretro\SpaceShip.h(52,26): error C2976: 'std::unique_ptr': too few template arguments
C:\Program Files\Microsoft Visual Studio\2022\Community\VC\Tools\MSVC\14.37.32822\include\memory(3213,1): message : see declaration of 'std::unique_ptr'
C:\Users\MatthewAlgo\Documents\Projects\AlienInvaders\AlienInvaders\include\alieninvadersretro\SpaceShip.h(52,26): error C3203: 'unique_ptr': unspecialized class template can't be used as a template argument for template parameter '_Ty', expected a real type
C:\Users\MatthewAlgo\Documents\Projects\AlienInvaders\AlienInvaders\main_sources\source\MainWindowSource.cpp(168,50): warning C4244: 'argument': conversion from 'int' to 'float', possible loss of data
C:\Users\MatthewAlgo\Documents\Projects\AlienInvaders\AlienInvaders\main_sources\source\MainWindowSource.cpp(168,37): warning C4244: 'argument': conversion from 'int' to 'float', possible loss of data
C:\Users\MatthewAlgo\Documents\Projects\AlienInvaders\AlienInvaders\main_sources\source\MainWindowSource.cpp(174,52): warning C4244: 'argument': conversion from 'double' to 'float', possible loss of data
C:\Users\MatthewAlgo\Documents\Projects\AlienInvaders\AlienInvaders\main_sources\source\MainWindowSource.cpp(174,37): warning C4244: 'argument': conversion from 'double' to 'float', possible loss of data
C:\Users\MatthewAlgo\Documents\Projects\AlienInvaders\AlienInvaders\main_sources\source\MainWindowSource.cpp(184,47): warning C4244: 'argument': conversion from 'int' to 'float', possible loss of data
C:\Users\MatthewAlgo\Documents\Projects\AlienInvaders\AlienInvaders\main_sources\source\MainWindowSource.cpp(184,34): warning C4244: 'argument': conversion from 'int' to 'float', possible loss of data
C:\Users\MatthewAlgo\Documents\Projects\AlienInvaders\AlienInvaders\main_sources\source\MainWindowSource.cpp(192,46): warning C4244: 'argument': conversion from 'double' to 'float', possible loss of data
C:\Users\MatthewAlgo\Documents\Projects\AlienInvaders\AlienInvaders\main_sources\source\MainWindowSource.cpp(192,30): warning C4244: 'argument': conversion from 'double' to 'float', possible loss of data
C:\Users\MatthewAlgo\Documents\Projects\AlienInvaders\AlienInvaders\main_sources\source\MainWindowSource.cpp(200,46): warning C4244: 'argument': conversion from 'double' to 'float', possible loss of data
C:\Users\MatthewAlgo\Documents\Projects\AlienInvaders\AlienInvaders\main_sources\source\MainWindowSource.cpp(200,30): warning C4244: 'argument': conversion from 'double' to 'float', possible loss of data
  SpaceShipSource.cpp
C:\Users\MatthewAlgo\Documents\Projects\AlienInvaders\AlienInvaders\include\alieninvadersretro\RandomParticlesGenerator.h(44,57): warning C4305: 'argument': truncation from 'double' to 'float'
C:\Users\MatthewAlgo\Documents\Projects\AlienInvaders\AlienInvaders\include\alieninvadersretro\RandomParticlesGenerator.h(44,51): warning C4305: 'argument': truncation from 'double' to 'float'
C:\Users\MatthewAlgo\Documents\Projects\AlienInvaders\AlienInvaders\include\alieninvadersretro\RandomParticlesGenerator.h(45,91): warning C4244: 'argument': conversion from 'double' to 'T', possible loss of data
          with
          [
              T=float
          ]
C:\Users\MatthewAlgo\Documents\Projects\AlienInvaders\AlienInvaders\include\alieninvadersretro\RandomParticlesGenerator.h(51,23): warning C4018: '<': signed/unsigned mismatch
C:\Users\MatthewAlgo\Documents\Projects\AlienInvaders\AlienInvaders\include\alieninvadersretro\RandomParticlesGenerator.h(55,77): warning C4244: 'argument': conversion from 'double' to 'T', possible loss of data
          with
          [
              T=float
          ]
C:\Users\MatthewAlgo\Documents\Projects\AlienInvaders\AlienInvaders\include\alieninvadersretro\RandomParticlesGenerator.h(55,49): warning C4244: 'argument': conversion from 'double' to 'T', possible loss of data
          with
          [
              T=float
          ]
C:\Users\MatthewAlgo\Documents\Projects\AlienInvaders\AlienInvaders\include\alieninvadersretro\RandomParticlesGenerator.h(59,23): warning C4018: '<': signed/unsigned mismatch
C:\Users\MatthewAlgo\Documents\Projects\AlienInvaders\AlienInvaders\include\alieninvadersretro\VirtualBullet.h(38,44): warning C4244: 'argument': conversion from 'double' to 'float', possible loss of data
C:\Users\MatthewAlgo\Documents\Projects\AlienInvaders\AlienInvaders\include\alieninvadersretro\VirtualBullet.h(38,37): warning C4244: 'argument': conversion from 'double' to 'float', possible loss of data
C:\Users\MatthewAlgo\Documents\Projects\AlienInvaders\AlienInvaders\include\alieninvadersretro\VirtualBullet.h(43,44): warning C4244: 'argument': conversion from 'double' to 'float', possible loss of data
C:\Users\MatthewAlgo\Documents\Projects\AlienInvaders\AlienInvaders\include\alieninvadersretro\VirtualBullet.h(43,37): warning C4244: 'argument': conversion from 'double' to 'float', possible loss of data
C:\Users\MatthewAlgo\Documents\Projects\AlienInvaders\AlienInvaders\include\alieninvadersretro\SpaceShip.h(52,37): error C2065: 'EnemySpaceShip': undeclared identifier
C:\Users\MatthewAlgo\Documents\Projects\AlienInvaders\AlienInvaders\include\alieninvadersretro\SpaceShip.h(52,26): error C2923: 'std::unique_ptr': 'EnemySpaceShip' is not a valid template type argument for parameter '_Ty'
C:\Users\MatthewAlgo\Documents\Projects\AlienInvaders\AlienInvaders\include\alieninvadersretro\SpaceShip.h(52,37): message : see declaration of 'EnemySpaceShip'
C:\Users\MatthewAlgo\Documents\Projects\AlienInvaders\AlienInvaders\include\alieninvadersretro\SpaceShip.h(52,26): error C2976: 'std::unique_ptr': too few template arguments
C:\Program Files\Microsoft Visual Studio\2022\Community\VC\Tools\MSVC\14.37.32822\include\memory(3213,1): message : see declaration of 'std::unique_ptr'
C:\Users\MatthewAlgo\Documents\Projects\AlienInvaders\AlienInvaders\include\alieninvadersretro\SpaceShip.h(52,26): error C3203: 'unique_ptr': unspecialized class template can't be used as a template argument for template parameter '_Ty', expected a real type
C:\Users\MatthewAlgo\Documents\Projects\AlienInvaders\AlienInvaders\main_sources\source\SpaceShipSource.cpp(45,33): error C2511: 'int GameNamespace::SpaceShip::IterateThroughBullets(sf::RenderWindow *,std::vector<std::unique_ptr<GameNamespace::EnemySpaceShip,std::default_delete<GameNamespace::EnemySpaceShip>>,std::allocator<std::unique_ptr<GameNamespace::EnemySpaceShip,std::default_delete<GameNamespace::EnemySpaceShip>>>> &)': overloaded member function not found in 'GameNamespace::SpaceShip'
C:\Users\MatthewAlgo\Documents\Projects\AlienInvaders\AlienInvaders\include\alieninvadersretro\SpaceShip.h(17,9): message : see declaration of 'GameNamespace::SpaceShip'
C:\Users\MatthewAlgo\Documents\Projects\AlienInvaders\AlienInvaders\main_sources\source\SpaceShipSource.cpp(48,23): error C2671: 'GameNamespace::SpaceShip::IterateThroughBullets': static member functions do not have 'this' pointers
C:\Users\MatthewAlgo\Documents\Projects\AlienInvaders\AlienInvaders\main_sources\source\SpaceShipSource.cpp(49,21): error C2671: 'GameNamespace::SpaceShip::IterateThroughBullets': static member functions do not have 'this' pointers
C:\Users\MatthewAlgo\Documents\Projects\AlienInvaders\AlienInvaders\main_sources\source\SpaceShipSource.cpp(50,10): error C2671: 'GameNamespace::SpaceShip::IterateThroughBullets': static member functions do not have 'this' pointers
C:\Users\MatthewAlgo\Documents\Projects\AlienInvaders\AlienInvaders\main_sources\source\SpaceShipSource.cpp(51,9): error C2671: 'GameNamespace::SpaceShip::IterateThroughBullets': static member functions do not have 'this' pointers
C:\Users\MatthewAlgo\Documents\Projects\AlienInvaders\AlienInvaders\main_sources\source\SpaceShipSource.cpp(52,13): error C2671: 'GameNamespace::SpaceShip::IterateThroughBullets': static member functions do not have 'this' pointers
C:\Users\MatthewAlgo\Documents\Projects\AlienInvaders\AlienInvaders\main_sources\source\SpaceShipSource.cpp(53,13): error C2671: 'GameNamespace::SpaceShip::IterateThroughBullets': static member functions do not have 'this' pointers
C:\Users\MatthewAlgo\Documents\Projects\AlienInvaders\AlienInvaders\main_sources\source\SpaceShipSource.cpp(59,23): warning C4018: '<': signed/unsigned mismatch
C:\Users\MatthewAlgo\Documents\Projects\AlienInvaders\AlienInvaders\main_sources\source\SpaceShipSource.cpp(71,26): error C2597: illegal reference to non-static member 'GameNamespace::VirtualEntity::ExplosionSprite'
C:\Users\MatthewAlgo\Documents\Projects\AlienInvaders\AlienInvaders\include\alieninvadersretro\VirtualEntity.h(38,16): message : see declaration of 'GameNamespace::VirtualEntity::ExplosionSprite'
C:\Users\MatthewAlgo\Documents\Projects\AlienInvaders\AlienInvaders\main_sources\source\SpaceShipSource.cpp(82,16): error C2671: 'GameNamespace::SpaceShip::IterateThroughBullets': static member functions do not have 'this' pointers
C:\Users\MatthewAlgo\Documents\Projects\AlienInvaders\AlienInvaders\main_sources\source\SpaceShipSource.cpp(87,15): error C2671: 'GameNamespace::SpaceShip::IterateThroughBullets': static member functions do not have 'this' pointers
C:\Users\MatthewAlgo\Documents\Projects\AlienInvaders\AlienInvaders\main_sources\source\SpaceShipSource.cpp(87,39): error C2671: 'GameNamespace::SpaceShip::IterateThroughBullets': static member functions do not have 'this' pointers
C:\Users\MatthewAlgo\Documents\Projects\AlienInvaders\AlienInvaders\main_sources\source\SpaceShipSource.cpp(113,42): warning C4244: 'argument': conversion from 'double' to 'float', possible loss of data
C:\Users\MatthewAlgo\Documents\Projects\AlienInvaders\AlienInvaders\main_sources\source\SpaceShipSource.cpp(113,35): warning C4244: 'argument': conversion from 'double' to 'float', possible loss of data
  VirtualEntity.cpp
C:\Users\MatthewAlgo\Documents\Projects\AlienInvaders\AlienInvaders\main_sources\source\VirtualEntity.cpp(14,55): warning C4244: 'argument': conversion from 'double' to 'T', possible loss of data
          with
          [
              T=float
          ]
C:\Users\MatthewAlgo\Documents\Projects\AlienInvaders\AlienInvaders\main_sources\source\VirtualEntity.cpp(14,48): warning C4244: 'argument': conversion from 'double' to 'T', possible loss of data
          with
          [
              T=float
          ]
C:\Users\MatthewAlgo\Documents\Projects\AlienInvaders\AlienInvaders\main_sources\source\VirtualEntity.cpp(20,55): warning C4244: 'argument': conversion from 'double' to 'T', possible loss of data
          with
          [
              T=float
          ]
C:\Users\MatthewAlgo\Documents\Projects\AlienInvaders\AlienInvaders\main_sources\source\VirtualEntity.cpp(20,48): warning C4244: 'argument': conversion from 'double' to 'T', possible loss of data
          with
          [
              T=float
          ]
C:\Users\MatthewAlgo\Documents\Projects\AlienInvaders\AlienInvaders\main_sources\source\VirtualEntity.cpp(26,43): error C2572: 'GameNamespace::VirtualEntity::MoveUp': redefinition of default argument: parameter 1
C:\Users\MatthewAlgo\Documents\Projects\AlienInvaders\AlienInvaders\include\alieninvadersretro\VirtualEntity.h(51,18): message : see declaration of 'GameNamespace::VirtualEntity::MoveUp'
C:\Users\MatthewAlgo\Documents\Projects\AlienInvaders\AlienInvaders\main_sources\source\VirtualEntity.cpp(28,42): warning C4244: 'argument': conversion from 'double' to 'float', possible loss of data
C:\Users\MatthewAlgo\Documents\Projects\AlienInvaders\AlienInvaders\main_sources\source\VirtualEntity.cpp(28,35): warning C4244: 'argument': conversion from 'double' to 'float', possible loss of data
C:\Users\MatthewAlgo\Documents\Projects\AlienInvaders\AlienInvaders\main_sources\source\VirtualEntity.cpp(31,45): error C2572: 'GameNamespace::VirtualEntity::MoveDown': redefinition of default argument: parameter 1
C:\Users\MatthewAlgo\Documents\Projects\AlienInvaders\AlienInvaders\include\alieninvadersretro\VirtualEntity.h(52,18): message : see declaration of 'GameNamespace::VirtualEntity::MoveDown'
C:\Users\MatthewAlgo\Documents\Projects\AlienInvaders\AlienInvaders\main_sources\source\VirtualEntity.cpp(33,42): warning C4244: 'argument': conversion from 'double' to 'float', possible loss of data
C:\Users\MatthewAlgo\Documents\Projects\AlienInvaders\AlienInvaders\main_sources\source\VirtualEntity.cpp(33,35): warning C4244: 'argument': conversion from 'double' to 'float', possible loss of data
C:\Users\MatthewAlgo\Documents\Projects\AlienInvaders\AlienInvaders\main_sources\source\VirtualEntity.cpp(36,45): error C2572: 'GameNamespace::VirtualEntity::MoveLeft': redefinition of default argument: parameter 1
C:\Users\MatthewAlgo\Documents\Projects\AlienInvaders\AlienInvaders\include\alieninvadersretro\VirtualEntity.h(53,18): message : see declaration of 'GameNamespace::VirtualEntity::MoveLeft'
C:\Users\MatthewAlgo\Documents\Projects\AlienInvaders\AlienInvaders\main_sources\source\VirtualEntity.cpp(38,42): warning C4244: 'argument': conversion from 'double' to 'float', possible loss of data
C:\Users\MatthewAlgo\Documents\Projects\AlienInvaders\AlienInvaders\main_sources\source\VirtualEntity.cpp(38,35): warning C4244: 'argument': conversion from 'double' to 'float', possible loss of data
C:\Users\MatthewAlgo\Documents\Projects\AlienInvaders\AlienInvaders\main_sources\source\VirtualEntity.cpp(41,46): error C2572: 'GameNamespace::VirtualEntity::MoveRight': redefinition of default argument: parameter 1
C:\Users\MatthewAlgo\Documents\Projects\AlienInvaders\AlienInvaders\include\alieninvadersretro\VirtualEntity.h(54,18): message : see declaration of 'GameNamespace::VirtualEntity::MoveRight'
C:\Users\MatthewAlgo\Documents\Projects\AlienInvaders\AlienInvaders\main_sources\source\VirtualEntity.cpp(43,42): warning C4244: 'argument': conversion from 'double' to 'float', possible loss of data
C:\Users\MatthewAlgo\Documents\Projects\AlienInvaders\AlienInvaders\main_sources\source\VirtualEntity.cpp(43,35): warning C4244: 'argument': conversion from 'double' to 'float', possible loss of data
C:\Users\MatthewAlgo\Documents\Projects\AlienInvaders\AlienInvaders\main_sources\source\VirtualEntity.cpp(60,44): warning C4244: 'argument': conversion from 'double' to 'float', possible loss of data
C:\Users\MatthewAlgo\Documents\Projects\AlienInvaders\AlienInvaders\main_sources\source\VirtualEntity.cpp(60,37): warning C4244: 'argument': conversion from 'double' to 'float', possible loss of data
C:\Users\MatthewAlgo\Documents\Projects\AlienInvaders\AlienInvaders\main_sources\source\VirtualEntity.cpp(73,35): warning C4244: 'argument': conversion from 'double' to 'T', possible loss of data
          with
          [
              T=float
          ]
C:\Users\MatthewAlgo\Documents\Projects\AlienInvaders\AlienInvaders\main_sources\source\VirtualEntity.cpp(73,28): warning C4244: 'argument': conversion from 'double' to 'T', possible loss of data
          with
          [
              T=float
          ]
C:\Users\MatthewAlgo\Documents\Projects\AlienInvaders\AlienInvaders\main_sources\source\VirtualEntity.cpp(82,50): warning C4244: 'argument': conversion from 'double' to 'float', possible loss of data
C:\Users\MatthewAlgo\Documents\Projects\AlienInvaders\AlienInvaders\main_sources\source\VirtualEntity.cpp(82,37): warning C4244: 'argument': conversion from 'double' to 'float', possible loss of data
  Player.cpp
C:\Users\MatthewAlgo\Documents\Projects\AlienInvaders\AlienInvaders\include\alieninvadersretro\VirtualBullet.h(38,44): warning C4244: 'argument': conversion from 'double' to 'float', possible loss of data
C:\Users\MatthewAlgo\Documents\Projects\AlienInvaders\AlienInvaders\include\alieninvadersretro\VirtualBullet.h(38,37): warning C4244: 'argument': conversion from 'double' to 'float', possible loss of data
C:\Users\MatthewAlgo\Documents\Projects\AlienInvaders\AlienInvaders\include\alieninvadersretro\VirtualBullet.h(43,44): warning C4244: 'argument': conversion from 'double' to 'float', possible loss of data
C:\Users\MatthewAlgo\Documents\Projects\AlienInvaders\AlienInvaders\include\alieninvadersretro\VirtualBullet.h(43,37): warning C4244: 'argument': conversion from 'double' to 'float', possible loss of data
C:\Users\MatthewAlgo\Documents\Projects\AlienInvaders\AlienInvaders\include\alieninvadersretro\RandomParticlesGenerator.h(44,57): warning C4305: 'argument': truncation from 'double' to 'float'
C:\Users\MatthewAlgo\Documents\Projects\AlienInvaders\AlienInvaders\include\alieninvadersretro\RandomParticlesGenerator.h(44,51): warning C4305: 'argument': truncation from 'double' to 'float'
C:\Users\MatthewAlgo\Documents\Projects\AlienInvaders\AlienInvaders\include\alieninvadersretro\RandomParticlesGenerator.h(45,91): warning C4244: 'argument': conversion from 'double' to 'T', possible loss of data
          with
          [
              T=float
          ]
C:\Users\MatthewAlgo\Documents\Projects\AlienInvaders\AlienInvaders\include\alieninvadersretro\RandomParticlesGenerator.h(51,23): warning C4018: '<': signed/unsigned mismatch
C:\Users\MatthewAlgo\Documents\Projects\AlienInvaders\AlienInvaders\include\alieninvadersretro\RandomParticlesGenerator.h(55,77): warning C4244: 'argument': conversion from 'double' to 'T', possible loss of data
          with
          [
              T=float
          ]
C:\Users\MatthewAlgo\Documents\Projects\AlienInvaders\AlienInvaders\include\alieninvadersretro\RandomParticlesGenerator.h(55,49): warning C4244: 'argument': conversion from 'double' to 'T', possible loss of data
          with
          [
              T=float
          ]
C:\Users\MatthewAlgo\Documents\Projects\AlienInvaders\AlienInvaders\include\alieninvadersretro\RandomParticlesGenerator.h(59,23): warning C4018: '<': signed/unsigned mismatch
C:\Users\MatthewAlgo\Documents\Projects\AlienInvaders\AlienInvaders\include\alieninvadersretro\EnemySpaceShip.h(44,68): error C2065: 'SpaceShip': undeclared identifier
C:\Users\MatthewAlgo\Documents\Projects\AlienInvaders\AlienInvaders\include\alieninvadersretro\EnemySpaceShip.h(44,78): error C2059: syntax error: '>'
  Generating Code...
